
#example output
##################
Mon Apr 20 01:15:59 SGT 2020>>> flow start NewQuoteInitiator rfqBank: jpmorgan, customer: apple, transactionID: "transaction_ID_001", time: "2020-APR-15 13:00:01", currencyPair: "AUD/USD", quantity: "10000000", buySell: "BUY"
Starting
Collecting signatures from counterparties.
Verifying collected signatures.
Starting
Broadcasting transaction to participants
Done
Flow completed with result: SignedTransaction(id=0DB55998E4F1A5EF6B596A73201CD6525ECBC0348DBF73D5D11BF0ADD8319405)
##################
Mon Apr 20 01:16:47 SGT 2020>>> run vaultQuery contractStateType: com.template.states.QuoteState
states:
- state:
    data: !<com.template.states.QuoteState>
      rfqBank: "O=jpmorgan, L=New York, C=US"
      customer: "O=apple, L=New York, C=US"
      transactionID: "transaction_ID_001"
      time: "2020-APR-15 13:00:01"
      currencyPair: "AUD/USD"
      quantity: "10000000"
      buySell: "BUY"
      linearId:
        externalId: null
        id: "0f5c73a7-2e31-4a55-89da-b95cc850ad03"
    contract: "com.template.contracts.QuoteContract"
    notary: "O=Notary, L=London, C=GB"
    encumbrance: null
    constraint: !<net.corda.core.contracts.SignatureAttachmentConstraint>
      key: "aSq9DsNNvGhYxYyqA9wd2eduEAZ5AXWgJTbTEw3G5d2maAq8vtLE4kZHgCs5jcB1N31cx1hpsLeqG2ngSysVHqcXhbNts6SkRWDaV7xNcr6MtcbufGUchxredBb6"
  ref:
    txhash: "0DB55998E4F1A5EF6B596A73201CD6525ECBC0348DBF73D5D11BF0ADD8319405"
    index: 0
statesMetadata:
- ref:
    txhash: "0DB55998E4F1A5EF6B596A73201CD6525ECBC0348DBF73D5D11BF0ADD8319405"
    index: 0
  contractStateClassName: "com.template.states.QuoteState"
  recordedTime: "2020-04-19T17:16:47.332Z"
  consumedTime: null
  status: "UNCONSUMED"
  notary: "O=Notary, L=London, C=GB"
  lockId: null
  lockUpdateTime: null
  relevancyStatus: "RELEVANT"
  constraintInfo:
    constraint:
      key: "aSq9DsNNvGhYxYyqA9wd2eduEAZ5AXWgJTbTEw3G5d2maAq8vtLE4kZHgCs5jcB1N31cx1hpsLeqG2ngSysVHqcXhbNts6SkRWDaV7xNcr6MtcbufGUchxredBb6"
totalStatesAvailable: -1
stateTypes: "UNCONSUMED"
otherResults: []